Assembler report for soc_system
Tue Apr 05 16:30:29 2022
Quartus Prime Version 18.1.0 Build 625 09/12/2018 SJ Lite Edition


---------------------
; Table of Contents ;
---------------------
  1. Legal Notice
  2. Assembler Summary
  3. Assembler Settings
  4. Assembler Generated Files
  5. Assembler Device Options: C:/Users/franc/OneDrive/Desktop/l2a-01-devicedrivers/hw/top/soc_system.sof
  6. Assembler Messages



----------------
; Legal Notice ;
----------------
Copyright (C) 2018  Intel Corporation. All rights reserved.
Your use of Intel Corporation's design tools, logic functions 
and other software and tools, and its AMPP partner logic 
functions, and any output files from any of the foregoing 
(including device programming or simulation files), and any 
associated documentation or information are expressly subject 
to the terms and conditions of the Intel Program License 
Subscription Agreement, the Intel Quartus Prime License Agreement,
the Intel FPGA IP License Agreement, or other applicable license
agreement, including, without limitation, that your use is for
the sole purpose of programming logic devices manufactured by
Intel and sold by Intel or its authorized distributors.  Please
refer to the applicable agreement for further details.



+---------------------------------------------------------------+
; Assembler Summary                                             ;
+-----------------------+---------------------------------------+
; Assembler Status      ; Successful - Tue Apr 05 16:30:29 2022 ;
; Revision Name         ; soc_system                            ;
; Top-level Entity Name ; device_drivers_top                    ;
; Family                ; Cyclone V                             ;
; Device                ; 5CSEMA5F31C6                          ;
+-----------------------+---------------------------------------+


+----------------------------------+
; Assembler Settings               ;
+--------+---------+---------------+
; Option ; Setting ; Default Value ;
+--------+---------+---------------+


+----------------------------------------------------------------------------+
; Assembler Generated Files                                                  ;
+----------------------------------------------------------------------------+
; File Name                                                                  ;
+----------------------------------------------------------------------------+
; C:/Users/franc/OneDrive/Desktop/l2a-01-devicedrivers/hw/top/soc_system.sof ;
+----------------------------------------------------------------------------+


+------------------------------------------------------------------------------------------------------+
; Assembler Device Options: C:/Users/franc/OneDrive/Desktop/l2a-01-devicedrivers/hw/top/soc_system.sof ;
+----------------+-------------------------------------------------------------------------------------+
; Option         ; Setting                                                                             ;
+----------------+-------------------------------------------------------------------------------------+
; JTAG usercode  ; 0x01380D4D                                                                          ;
; Checksum       ; 0x01380D4D                                                                          ;
+----------------+-------------------------------------------------------------------------------------+


+--------------------+
; Assembler Messages ;
+--------------------+
Info: *******************************************************************
Info: Running Quartus Prime Assembler
    Info: Version 18.1.0 Build 625 09/12/2018 SJ Lite Edition
    Info: Processing started: Tue Apr 05 16:30:19 2022
Info: Command: quartus_asm --read_settings_files=off --write_settings_files=off soc_system -c soc_system
Warning (125092): Tcl Script File ../ip/image_processing/image_processing.qip not found
    Info (125063): set_global_assignment -name QIP_FILE ../ip/image_processing/image_processing.qip
Warning (125092): Tcl Script File ../ip/GHRD_IPs/altsource_probe/hps_reset.qip not found
    Info (125063): set_global_assignment -name QIP_FILE ../ip/GHRD_IPs/altsource_probe/hps_reset.qip
Warning (18236): Number of processors has not been specified which may cause overloading on shared machines.  Set the global assignment NUM_PARALLEL_PROCESSORS in your QSF to an appropriate value for best performance.
Info (115030): Assembler is generating device programming files
Info (11878): Hard Processor Subsystem configuration has not changed and a Preloader software update is not required
Info: Quartus Prime Assembler was successful. 0 errors, 3 warnings
    Info: Peak virtual memory: 4920 megabytes
    Info: Processing ended: Tue Apr 05 16:30:30 2022
    Info: Elapsed time: 00:00:11
    Info: Total CPU time (on all processors): 00:00:10


